<?xml version="1.0" encoding="UTF-8"?>
<testsuites>
  <testsuite name="Phalcon - Testsuite" tests="1" assertions="1" errors="0" failures="0" skipped="0" time="0.039768">
    <testsuite name="App\Testhome\Test\UnitTest" file="/app/home/app/code/testhome/Test/UnitTest.php" tests="1" assertions="1" errors="0" failures="0" skipped="0" time="0.039768">
      <testcase name="testCreateUser" class="App\Testhome\Test\UnitTest" classname="App.Testhome.Test.UnitTest" file="/app/home/app/code/testhome/Test/UnitTest.php" line="7" assertions="1" time="0.039768"/>
    </testsuite>
  </testsuite>
</testsuites>
